Using pre-set license
Built from '2020.3/release' branch; Version is '2020.3.7f1 (dd97f2c94397) revision 14522354'; Using compiler version '192528614'; Build Type 'Release'
OS: 'Windows 10 Pro; OS build 19043.1288; Version 2009; 64bit' Language: 'ko' Physical Memory: 8077 MB
BatchMode: 1, IsHumanControllingUs: 0, StartBugReporterOnCrash: 0, Is64bit: 1, IsPro: 0

 COMMAND LINE ARGUMENTS:
C:\Program Files\Unity\Hub\Editor\2020.3.7f1\Editor\Unity.exe
-adb2
-batchMode
-noUpm
-name
AssetImportWorker0
-projectPath
C:/Users/user/Documents/GitHub/unity-shader-study/Fog
-logFile
Logs/AssetImportWorker0.log
-srvPort
1707
Successfully changed project path to: C:/Users/user/Documents/GitHub/unity-shader-study/Fog
C:/Users/user/Documents/GitHub/unity-shader-study/Fog
Using Asset Import Pipeline V2.
Refreshing native plugins compatible for Editor in 36.49 ms, found 0 plugins.
Preloading 0 native plugins for Editor in 0.00 ms.
Initialize engine version: 2020.3.7f1 (dd97f2c94397)
[Subsystems] Discovering subsystems at path C:/Program Files/Unity/Hub/Editor/2020.3.7f1/Editor/Data/Resources/UnitySubsystems
[Subsystems] Discovering subsystems at path C:/Users/user/Documents/GitHub/unity-shader-study/Fog/Assets
GfxDevice: creating device client; threaded=0
Direct3D:
    Version:  Direct3D 11.0 [level 11.0]
    Renderer: NVIDIA GeForce 940MX (ID=0x134d)
    Vendor:   
    VRAM:     2010 MB
    Driver:   27.21.14.6280
Initialize mono
Mono path[0] = 'C:/Program Files/Unity/Hub/Editor/2020.3.7f1/Editor/Data/Managed'
Mono path[1] = 'C:/Program Files/Unity/Hub/Editor/2020.3.7f1/Editor/Data/MonoBleedingEdge/lib/mono/unityjit'
Mono config path = 'C:/Program Files/Unity/Hub/Editor/2020.3.7f1/Editor/Data/MonoBleedingEdge/etc'
Using monoOptions --debugger-agent=transport=dt_socket,embedding=1,server=y,suspend=n,address=127.0.0.1:56940
Begin MonoManager ReloadAssembly
Registering precompiled unity dll's ...
Register platform support module: C:/Program Files/Unity/Hub/Editor/2020.3.7f1/Editor/Data/PlaybackEngines/WebGLSupport/UnityEditor.WebGL.Extensions.dll
Register platform support module: C:/Program Files/Unity/Hub/Editor/2020.3.7f1/Editor/Data/PlaybackEngines/WindowsStandaloneSupport/UnityEditor.WindowsStandalone.Extensions.dll
Registered in 0.012623 seconds.
Native extension for WindowsStandalone target not found
Native extension for WebGL target not found
Refreshing native plugins compatible for Editor in 41.52 ms, found 0 plugins.
Preloading 0 native plugins for Editor in 0.00 ms.
Mono: successfully reloaded assembly
- Completed reload, in  6.070 seconds
Platform modules already initialized, skipping
Registering precompiled user dll's ...
Registered in 0.004318 seconds.
Begin MonoManager ReloadAssembly
Native extension for WindowsStandalone target not found
Native extension for WebGL target not found
Refreshing native plugins compatible for Editor in 0.21 ms, found 0 plugins.
Preloading 0 native plugins for Editor in 0.00 ms.
Mono: successfully reloaded assembly
- Completed reload, in  1.443 seconds
Platform modules already initialized, skipping
========================================================================
Worker process is ready to serve import requests
Launched and connected shader compiler UnityShaderCompiler.exe after 0.10 seconds
Refreshing native plugins compatible for Editor in 0.21 ms, found 0 plugins.
Preloading 0 native plugins for Editor in 0.00 ms.
Unloading 1115 Unused Serialized files (Serialized files now loaded: 0)
System memory in use before: 59.8 MB.
System memory in use after: 59.8 MB.

Unloading 10 unused Assets to reduce memory usage. Loaded Objects now: 1557.
Total: 2.363300 ms (FindLiveObjects: 0.173000 ms CreateObjectMapping: 0.045200 ms MarkObjects: 2.009500 ms  DeleteObjects: 0.133500 ms)

========================================================================
Received Import Request.
  path: Assets/Fog.mat
  artifactKey: Guid(a5371191b98cd0840a1c970a1428cef5) Importer(815301076,1909f56bfc062723c751e8b465ee728b)
Start importing Assets/Fog.mat using Guid(a5371191b98cd0840a1c970a1428cef5) Importer(815301076,1909f56bfc062723c751e8b465ee728b)  -> (artifact id: 'f09970577bc4b9fa173597f846cc9c3b') in 0.382153 seconds
  Import took 0.385368 seconds .

========================================================================
Received Import Request.
  Time since last request: 212.891658 seconds.
  path: Assets/Fog.mat
  artifactKey: Guid(a5371191b98cd0840a1c970a1428cef5) Importer(815301076,1909f56bfc062723c751e8b465ee728b)
Start importing Assets/Fog.mat using Guid(a5371191b98cd0840a1c970a1428cef5) Importer(815301076,1909f56bfc062723c751e8b465ee728b)  -> (artifact id: '1ed6e3339419bb0ec25b7b18ad394e14') in 0.049822 seconds
  Import took 0.054839 seconds .

========================================================================
Received Import Request.
  Time since last request: 292.760589 seconds.
  path: Assets/Fog.mat
  artifactKey: Guid(a5371191b98cd0840a1c970a1428cef5) Importer(815301076,1909f56bfc062723c751e8b465ee728b)
Start importing Assets/Fog.mat using Guid(a5371191b98cd0840a1c970a1428cef5) Importer(815301076,1909f56bfc062723c751e8b465ee728b)  -> (artifact id: '5d725c4d76d2304435731498cf0e889a') in 0.047566 seconds
  Import took 0.051450 seconds .

AssetImportWorkerClient::OnTransportError - code=2 error=End of file
